<?xml version="1.0" encoding="UTF-8"?>
<!-- Generated by org.testng.reporters.JUnitReportReporter -->
<testsuite hostname="Saimon" failures="0" tests="1" name="pages.HomePageTest" time="15.243" errors="0" timestamp="2023-08-17T06:46:22 EDT" skipped="0">
  <testcase classname="pages.HomePageTest" name="clickLogoTest" time="15.243"/>
</testsuite> <!-- pages.HomePageTest -->
